2025-10-03 22:26:38,795 - INFO - === Enhanced S2VT Trainer - TRAINING TIPS BLEU@1 EVALUATION ===
2025-10-03 22:26:38,796 - INFO - Evaluation method: BLEU@1 using exact formula from training tips slides
2025-10-03 22:26:38,796 - INFO - Target: BLEU@1 > 0.6
2025-10-03 22:26:38,796 - INFO - Formula: BLEU@1 = BP * Precision (BP=1 if c>r, else e^(1-r/c))
2025-10-03 22:26:38,796 - INFO - Loading MSVD dataset...
2025-10-03 22:26:39,044 - INFO - Training samples: 1450
2025-10-03 22:26:39,045 - INFO - Validation samples: 100
2025-10-03 22:26:39,045 - INFO - Test samples: 100
2025-10-03 22:26:39,936 - INFO - Learning rate scheduler: StepLR(step_size=50, gamma=0.5)
2025-10-03 22:26:39,937 - INFO - Enhanced trainer initialized on cuda
2025-10-03 22:26:39,938 - INFO - Model parameters: 15,929,230
2025-10-03 22:26:39,938 - INFO - Vocabulary size: 3726
2025-10-03 22:26:39,938 - INFO - Starting enhanced training...
2025-10-03 22:26:39,938 - INFO - Target BLEU-1: 0.6
2025-10-03 22:26:40,668 - INFO - Epoch 1, Batch 0/46, Loss: 8.3887, Sampling Prob: 0.001
2025-10-03 22:26:48,925 - INFO - Epoch 1 completed. Average Loss: 6.0946
2025-10-03 22:26:49,095 - INFO - Epoch 2, Batch 0/46, Loss: 5.3696, Sampling Prob: 0.002
2025-10-03 22:26:56,479 - INFO - Epoch 2 completed. Average Loss: 5.3224
2025-10-03 22:26:56,639 - INFO - Epoch 3, Batch 0/46, Loss: 5.2254, Sampling Prob: 0.003
2025-10-03 22:27:03,951 - INFO - Epoch 3 completed. Average Loss: 5.1046
2025-10-03 22:27:04,106 - INFO - Epoch 4, Batch 0/46, Loss: 5.4667, Sampling Prob: 0.004
2025-10-03 22:27:11,393 - INFO - Epoch 4 completed. Average Loss: 5.0312
2025-10-03 22:27:11,552 - INFO - Epoch 5, Batch 0/46, Loss: 5.1514, Sampling Prob: 0.005
2025-10-03 22:27:18,849 - INFO - Epoch 5 completed. Average Loss: 4.9215
2025-10-03 22:27:18,998 - INFO - Epoch 6, Batch 0/46, Loss: 4.7716, Sampling Prob: 0.006
2025-10-03 22:27:26,584 - INFO - Epoch 6 completed. Average Loss: 4.8267
2025-10-03 22:27:26,762 - INFO - Epoch 7, Batch 0/46, Loss: 4.7280, Sampling Prob: 0.007
2025-10-03 22:27:34,598 - INFO - Epoch 7 completed. Average Loss: 4.7720
2025-10-03 22:27:34,756 - INFO - Epoch 8, Batch 0/46, Loss: 4.6590, Sampling Prob: 0.008
2025-10-03 22:27:41,762 - INFO - Epoch 8 completed. Average Loss: 4.7203
2025-10-03 22:27:41,917 - INFO - Epoch 9, Batch 0/46, Loss: 4.3845, Sampling Prob: 0.009
2025-10-03 22:27:49,027 - INFO - Epoch 9 completed. Average Loss: 4.6847
2025-10-03 22:27:49,179 - INFO - Epoch 10, Batch 0/46, Loss: 4.6131, Sampling Prob: 0.010
2025-10-03 22:27:56,394 - INFO - Epoch 10 completed. Average Loss: 4.6675
2025-10-03 22:27:56,394 - INFO - Evaluating at epoch 10...
2025-10-03 22:28:00,118 - INFO - Epoch 10 - BLEU@1: 0.2200 (target: >0.6) | Precision: 0.4844 | BP: 0.4543
2025-10-03 22:28:00,119 - INFO - *** New best BLEU@1: 0.2200 ***
2025-10-03 22:28:00,376 - INFO - New best model saved with BLEU-1: 0.2200
2025-10-03 22:28:00,549 - INFO - Epoch 11, Batch 0/46, Loss: 4.5539, Sampling Prob: 0.011
2025-10-03 22:28:08,676 - INFO - Epoch 11 completed. Average Loss: 4.5663
2025-10-03 22:28:08,840 - INFO - Epoch 12, Batch 0/46, Loss: 4.6613, Sampling Prob: 0.012
2025-10-03 22:28:16,893 - INFO - Epoch 12 completed. Average Loss: 4.4957
2025-10-03 22:28:17,077 - INFO - Epoch 13, Batch 0/46, Loss: 4.4241, Sampling Prob: 0.013
2025-10-03 22:28:25,094 - INFO - Epoch 13 completed. Average Loss: 4.4276
2025-10-03 22:28:25,256 - INFO - Epoch 14, Batch 0/46, Loss: 4.5239, Sampling Prob: 0.014
2025-10-03 22:28:33,394 - INFO - Epoch 14 completed. Average Loss: 4.3262
2025-10-03 22:28:33,562 - INFO - Epoch 15, Batch 0/46, Loss: 4.2600, Sampling Prob: 0.015
2025-10-03 22:28:41,950 - INFO - Epoch 15 completed. Average Loss: 4.2798
2025-10-03 22:28:42,122 - INFO - Epoch 16, Batch 0/46, Loss: 4.0590, Sampling Prob: 0.016
2025-10-03 22:28:55,033 - INFO - Epoch 16 completed. Average Loss: 4.1879
2025-10-03 22:28:55,367 - INFO - Epoch 17, Batch 0/46, Loss: 4.3567, Sampling Prob: 0.017
2025-10-03 22:29:10,586 - INFO - Epoch 17 completed. Average Loss: 4.1026
2025-10-03 22:29:10,935 - INFO - Epoch 18, Batch 0/46, Loss: 4.2892, Sampling Prob: 0.018
2025-10-03 22:29:24,943 - INFO - Epoch 18 completed. Average Loss: 4.0848
2025-10-03 22:29:25,212 - INFO - Epoch 19, Batch 0/46, Loss: 4.0607, Sampling Prob: 0.019
2025-10-03 22:29:39,616 - INFO - Epoch 19 completed. Average Loss: 4.0321
2025-10-03 22:29:39,977 - INFO - Epoch 20, Batch 0/46, Loss: 3.9414, Sampling Prob: 0.020
2025-10-03 22:29:55,127 - INFO - Epoch 20 completed. Average Loss: 3.9086
2025-10-03 22:29:55,128 - INFO - Evaluating at epoch 20...
2025-10-03 22:30:03,831 - INFO - Epoch 20 - BLEU@1: 0.2441 (target: >0.6) | Precision: 0.4466 | BP: 0.5465
2025-10-03 22:30:03,833 - INFO - *** New best BLEU@1: 0.2441 ***
2025-10-03 22:30:04,312 - INFO - New best model saved with BLEU-1: 0.2441
2025-10-03 22:30:04,778 - INFO - Epoch 21, Batch 0/46, Loss: 3.9800, Sampling Prob: 0.021
2025-10-03 22:30:20,274 - INFO - Epoch 21 completed. Average Loss: 3.8763
2025-10-03 22:30:20,685 - INFO - Epoch 22, Batch 0/46, Loss: 3.9941, Sampling Prob: 0.022
2025-10-03 22:30:29,182 - INFO - Epoch 22 completed. Average Loss: 3.8904
2025-10-03 22:30:29,349 - INFO - Epoch 23, Batch 0/46, Loss: 3.6853, Sampling Prob: 0.023
2025-10-03 22:30:37,459 - INFO - Epoch 23 completed. Average Loss: 3.8237
2025-10-03 22:30:37,627 - INFO - Epoch 24, Batch 0/46, Loss: 3.4159, Sampling Prob: 0.024
2025-10-03 22:30:45,618 - INFO - Epoch 24 completed. Average Loss: 3.7827
2025-10-03 22:30:45,779 - INFO - Epoch 25, Batch 0/46, Loss: 3.6888, Sampling Prob: 0.025
2025-10-03 22:30:53,907 - INFO - Epoch 25 completed. Average Loss: 3.7575
2025-10-03 22:30:54,073 - INFO - Epoch 26, Batch 0/46, Loss: 3.7195, Sampling Prob: 0.026
2025-10-03 22:31:02,239 - INFO - Epoch 26 completed. Average Loss: 3.6830
2025-10-03 22:31:02,443 - INFO - Epoch 27, Batch 0/46, Loss: 3.7031, Sampling Prob: 0.027
2025-10-03 22:31:10,773 - INFO - Epoch 27 completed. Average Loss: 3.6652
2025-10-03 22:31:10,955 - INFO - Epoch 28, Batch 0/46, Loss: 3.6741, Sampling Prob: 0.028
2025-10-03 22:31:18,842 - INFO - Epoch 28 completed. Average Loss: 3.6125
2025-10-03 22:31:19,050 - INFO - Epoch 29, Batch 0/46, Loss: 3.0152, Sampling Prob: 0.029
2025-10-03 22:31:27,293 - INFO - Epoch 29 completed. Average Loss: 3.6151
2025-10-03 22:31:27,495 - INFO - Epoch 30, Batch 0/46, Loss: 3.2997, Sampling Prob: 0.030
2025-10-03 22:31:36,162 - INFO - Epoch 30 completed. Average Loss: 3.4927
2025-10-03 22:31:36,162 - INFO - Evaluating at epoch 30...
2025-10-03 22:31:40,756 - INFO - Epoch 30 - BLEU@1: 0.2783 (target: >0.6) | Precision: 0.3892 | BP: 0.7151
2025-10-03 22:31:40,756 - INFO - *** New best BLEU@1: 0.2783 ***
2025-10-03 22:31:41,018 - INFO - New best model saved with BLEU-1: 0.2783
2025-10-03 22:31:41,201 - INFO - Epoch 31, Batch 0/46, Loss: 3.7420, Sampling Prob: 0.031
2025-10-03 22:31:49,209 - INFO - Epoch 31 completed. Average Loss: 3.4984
2025-10-03 22:31:49,371 - INFO - Epoch 32, Batch 0/46, Loss: 3.6453, Sampling Prob: 0.032
2025-10-03 22:31:57,172 - INFO - Epoch 32 completed. Average Loss: 3.5460
2025-10-03 22:31:57,321 - INFO - Epoch 33, Batch 0/46, Loss: 3.1627, Sampling Prob: 0.033
2025-10-03 22:32:04,924 - INFO - Epoch 33 completed. Average Loss: 3.5056
2025-10-03 22:32:05,087 - INFO - Epoch 34, Batch 0/46, Loss: 3.1183, Sampling Prob: 0.034
2025-10-03 22:32:12,843 - INFO - Epoch 34 completed. Average Loss: 3.4103
2025-10-03 22:32:13,015 - INFO - Epoch 35, Batch 0/46, Loss: 3.4988, Sampling Prob: 0.035
2025-10-03 22:32:20,935 - INFO - Epoch 35 completed. Average Loss: 3.4524
2025-10-03 22:32:21,113 - INFO - Epoch 36, Batch 0/46, Loss: 3.4554, Sampling Prob: 0.036
2025-10-03 22:32:29,619 - INFO - Epoch 36 completed. Average Loss: 3.3761
2025-10-03 22:32:29,809 - INFO - Epoch 37, Batch 0/46, Loss: 3.2050, Sampling Prob: 0.037
2025-10-03 22:32:38,217 - INFO - Epoch 37 completed. Average Loss: 3.3741
2025-10-03 22:32:38,408 - INFO - Epoch 38, Batch 0/46, Loss: 3.5363, Sampling Prob: 0.038
2025-10-03 22:32:46,220 - INFO - Epoch 38 completed. Average Loss: 3.3549
2025-10-03 22:32:46,402 - INFO - Epoch 39, Batch 0/46, Loss: 3.5248, Sampling Prob: 0.039
2025-10-03 22:32:54,102 - INFO - Epoch 39 completed. Average Loss: 3.2698
2025-10-03 22:32:54,263 - INFO - Epoch 40, Batch 0/46, Loss: 3.4578, Sampling Prob: 0.040
2025-10-03 22:33:02,003 - INFO - Epoch 40 completed. Average Loss: 3.3198
2025-10-03 22:33:02,003 - INFO - Evaluating at epoch 40...
2025-10-03 22:33:06,337 - INFO - Epoch 40 - BLEU@1: 0.2609 (target: >0.6) | Precision: 0.4267 | BP: 0.6115
2025-10-03 22:33:06,647 - INFO - Epoch 41, Batch 0/46, Loss: 2.9711, Sampling Prob: 0.041
2025-10-03 22:33:14,607 - INFO - Epoch 41 completed. Average Loss: 3.2558
2025-10-03 22:33:14,773 - INFO - Epoch 42, Batch 0/46, Loss: 3.2963, Sampling Prob: 0.042
2025-10-03 22:33:22,566 - INFO - Epoch 42 completed. Average Loss: 3.2560
2025-10-03 22:33:22,772 - INFO - Epoch 43, Batch 0/46, Loss: 3.0637, Sampling Prob: 0.043
2025-10-03 22:33:31,130 - INFO - Epoch 43 completed. Average Loss: 3.2122
2025-10-03 22:33:31,301 - INFO - Epoch 44, Batch 0/46, Loss: 3.1967, Sampling Prob: 0.044
2025-10-03 22:33:38,461 - INFO - Epoch 44 completed. Average Loss: 3.1753
2025-10-03 22:33:38,611 - INFO - Epoch 45, Batch 0/46, Loss: 2.9158, Sampling Prob: 0.045
2025-10-03 22:33:45,625 - INFO - Epoch 45 completed. Average Loss: 3.2345
2025-10-03 22:33:45,774 - INFO - Epoch 46, Batch 0/46, Loss: 3.0684, Sampling Prob: 0.046
2025-10-03 22:33:52,791 - INFO - Epoch 46 completed. Average Loss: 3.1760
2025-10-03 22:33:52,943 - INFO - Epoch 47, Batch 0/46, Loss: 3.2111, Sampling Prob: 0.047
2025-10-03 22:34:00,041 - INFO - Epoch 47 completed. Average Loss: 3.1606
2025-10-03 22:34:00,185 - INFO - Epoch 48, Batch 0/46, Loss: 3.1655, Sampling Prob: 0.048
2025-10-03 22:34:07,319 - INFO - Epoch 48 completed. Average Loss: 3.1561
2025-10-03 22:34:07,468 - INFO - Epoch 49, Batch 0/46, Loss: 3.1915, Sampling Prob: 0.049
2025-10-03 22:34:14,735 - INFO - Epoch 49 completed. Average Loss: 3.1625
2025-10-03 22:34:14,889 - INFO - Epoch 50, Batch 0/46, Loss: 3.1916, Sampling Prob: 0.050
2025-10-03 22:34:22,125 - INFO - Epoch 50 completed. Average Loss: 3.1418
2025-10-03 22:34:22,125 - INFO - Evaluating at epoch 50...
2025-10-03 22:34:26,948 - INFO - Epoch 50 - BLEU@1: 0.2689 (target: >0.6) | Precision: 0.4093 | BP: 0.6569
2025-10-03 22:34:27,090 - INFO - Learning rate changed: 0.000100 -> 0.000050
2025-10-03 22:34:27,273 - INFO - Epoch 51, Batch 0/46, Loss: 3.0344, Sampling Prob: 0.051
2025-10-03 22:34:35,500 - INFO - Epoch 51 completed. Average Loss: 3.0809
2025-10-03 22:34:35,656 - INFO - Epoch 52, Batch 0/46, Loss: 3.1477, Sampling Prob: 0.052
2025-10-03 22:34:42,727 - INFO - Epoch 52 completed. Average Loss: 3.0839
2025-10-03 22:34:42,877 - INFO - Epoch 53, Batch 0/46, Loss: 3.2753, Sampling Prob: 0.053
2025-10-03 22:34:50,026 - INFO - Epoch 53 completed. Average Loss: 3.0584
2025-10-03 22:34:50,180 - INFO - Epoch 54, Batch 0/46, Loss: 3.1698, Sampling Prob: 0.054
2025-10-03 22:34:57,292 - INFO - Epoch 54 completed. Average Loss: 3.0915
2025-10-03 22:34:57,449 - INFO - Epoch 55, Batch 0/46, Loss: 3.1967, Sampling Prob: 0.055
2025-10-03 22:35:04,191 - INFO - Epoch 55 completed. Average Loss: 3.0361
2025-10-03 22:35:04,337 - INFO - Epoch 56, Batch 0/46, Loss: 3.0640, Sampling Prob: 0.056
2025-10-03 22:35:11,118 - INFO - Epoch 56 completed. Average Loss: 3.0116
2025-10-03 22:35:11,264 - INFO - Epoch 57, Batch 0/46, Loss: 3.0264, Sampling Prob: 0.057
2025-10-03 22:35:18,083 - INFO - Epoch 57 completed. Average Loss: 3.0031
2025-10-03 22:35:18,230 - INFO - Epoch 58, Batch 0/46, Loss: 2.9855, Sampling Prob: 0.058
2025-10-03 22:35:25,527 - INFO - Epoch 58 completed. Average Loss: 3.0238
2025-10-03 22:35:25,699 - INFO - Epoch 59, Batch 0/46, Loss: 2.8949, Sampling Prob: 0.059
2025-10-03 22:35:33,584 - INFO - Epoch 59 completed. Average Loss: 3.0262
2025-10-03 22:35:33,737 - INFO - Epoch 60, Batch 0/46, Loss: 2.8372, Sampling Prob: 0.060
2025-10-03 22:35:41,020 - INFO - Epoch 60 completed. Average Loss: 2.9955
2025-10-03 22:35:41,020 - INFO - Evaluating at epoch 60...
2025-10-03 22:35:45,536 - INFO - Epoch 60 - BLEU@1: 0.2704 (target: >0.6) | Precision: 0.4348 | BP: 0.6219
2025-10-03 22:35:45,859 - INFO - Epoch 61, Batch 0/46, Loss: 3.1132, Sampling Prob: 0.061
2025-10-03 22:35:53,663 - INFO - Epoch 61 completed. Average Loss: 2.9873
2025-10-03 22:35:53,806 - INFO - Epoch 62, Batch 0/46, Loss: 2.8841, Sampling Prob: 0.062
2025-10-03 22:36:01,085 - INFO - Epoch 62 completed. Average Loss: 2.9446
2025-10-03 22:36:01,241 - INFO - Epoch 63, Batch 0/46, Loss: 3.1652, Sampling Prob: 0.063
2025-10-03 22:36:08,793 - INFO - Epoch 63 completed. Average Loss: 3.0446
2025-10-03 22:36:08,956 - INFO - Epoch 64, Batch 0/46, Loss: 3.2354, Sampling Prob: 0.064
2025-10-03 22:36:16,717 - INFO - Epoch 64 completed. Average Loss: 3.0181
2025-10-03 22:36:16,877 - INFO - Epoch 65, Batch 0/46, Loss: 2.8228, Sampling Prob: 0.065
2025-10-03 22:36:26,106 - INFO - Epoch 65 completed. Average Loss: 2.9914
2025-10-03 22:36:26,457 - INFO - Epoch 66, Batch 0/46, Loss: 2.9720, Sampling Prob: 0.066
2025-10-03 22:36:43,936 - INFO - Epoch 66 completed. Average Loss: 2.9523
2025-10-03 22:36:44,107 - INFO - Epoch 67, Batch 0/46, Loss: 3.1585, Sampling Prob: 0.067
2025-10-03 22:36:50,972 - INFO - Epoch 67 completed. Average Loss: 2.9615
2025-10-03 22:36:51,124 - INFO - Epoch 68, Batch 0/46, Loss: 3.2304, Sampling Prob: 0.068
2025-10-03 22:36:57,820 - INFO - Epoch 68 completed. Average Loss: 2.9480
2025-10-03 22:36:57,972 - INFO - Epoch 69, Batch 0/46, Loss: 2.9106, Sampling Prob: 0.069
2025-10-03 22:37:04,714 - INFO - Epoch 69 completed. Average Loss: 2.9970
2025-10-03 22:37:04,865 - INFO - Epoch 70, Batch 0/46, Loss: 2.9624, Sampling Prob: 0.070
2025-10-03 22:37:12,050 - INFO - Epoch 70 completed. Average Loss: 2.9730
2025-10-03 22:37:12,051 - INFO - Evaluating at epoch 70...
2025-10-03 22:37:16,835 - INFO - Epoch 70 - BLEU@1: 0.2728 (target: >0.6) | Precision: 0.4315 | BP: 0.6322
2025-10-03 22:37:17,163 - INFO - Epoch 71, Batch 0/46, Loss: 3.0941, Sampling Prob: 0.071
2025-10-03 22:37:24,817 - INFO - Epoch 71 completed. Average Loss: 2.9612
2025-10-03 22:37:24,977 - INFO - Epoch 72, Batch 0/46, Loss: 2.8554, Sampling Prob: 0.072
2025-10-03 22:37:32,872 - INFO - Epoch 72 completed. Average Loss: 2.9269
2025-10-03 22:37:33,023 - INFO - Epoch 73, Batch 0/46, Loss: 2.7967, Sampling Prob: 0.073
2025-10-03 22:37:40,194 - INFO - Epoch 73 completed. Average Loss: 2.8941
2025-10-03 22:37:40,344 - INFO - Epoch 74, Batch 0/46, Loss: 3.2254, Sampling Prob: 0.074
2025-10-03 22:37:47,433 - INFO - Epoch 74 completed. Average Loss: 2.9519
2025-10-03 22:37:47,580 - INFO - Epoch 75, Batch 0/46, Loss: 2.6987, Sampling Prob: 0.075
2025-10-03 22:37:54,253 - INFO - Epoch 75 completed. Average Loss: 2.9240
2025-10-03 22:37:54,405 - INFO - Epoch 76, Batch 0/46, Loss: 3.1578, Sampling Prob: 0.076
2025-10-03 22:38:01,124 - INFO - Epoch 76 completed. Average Loss: 2.9041
2025-10-03 22:38:01,261 - INFO - Epoch 77, Batch 0/46, Loss: 2.5755, Sampling Prob: 0.077
2025-10-03 22:38:07,881 - INFO - Epoch 77 completed. Average Loss: 2.8741
2025-10-03 22:38:08,026 - INFO - Epoch 78, Batch 0/46, Loss: 3.2815, Sampling Prob: 0.078
2025-10-03 22:38:14,690 - INFO - Epoch 78 completed. Average Loss: 2.9270
2025-10-03 22:38:14,836 - INFO - Epoch 79, Batch 0/46, Loss: 3.1239, Sampling Prob: 0.079
2025-10-03 22:38:21,670 - INFO - Epoch 79 completed. Average Loss: 2.9261
2025-10-03 22:38:21,816 - INFO - Epoch 80, Batch 0/46, Loss: 2.9275, Sampling Prob: 0.080
2025-10-03 22:38:29,748 - INFO - Epoch 80 completed. Average Loss: 2.9484
2025-10-03 22:38:29,749 - INFO - Evaluating at epoch 80...
2025-10-03 22:38:34,658 - INFO - Epoch 80 - BLEU@1: 0.2839 (target: >0.6) | Precision: 0.4490 | BP: 0.6322
2025-10-03 22:38:34,659 - INFO - *** New best BLEU@1: 0.2839 ***
2025-10-03 22:38:34,922 - INFO - New best model saved with BLEU-1: 0.2839
2025-10-03 22:38:35,088 - INFO - Epoch 81, Batch 0/46, Loss: 2.9057, Sampling Prob: 0.081
2025-10-03 22:38:43,038 - INFO - Epoch 81 completed. Average Loss: 2.8832
2025-10-03 22:38:43,199 - INFO - Epoch 82, Batch 0/46, Loss: 2.6779, Sampling Prob: 0.082
2025-10-03 22:38:50,463 - INFO - Epoch 82 completed. Average Loss: 2.8877
2025-10-03 22:38:50,606 - INFO - Epoch 83, Batch 0/46, Loss: 2.8520, Sampling Prob: 0.083
2025-10-03 22:38:57,602 - INFO - Epoch 83 completed. Average Loss: 2.9128
2025-10-03 22:38:57,748 - INFO - Epoch 84, Batch 0/46, Loss: 2.8050, Sampling Prob: 0.084
2025-10-03 22:39:04,651 - INFO - Epoch 84 completed. Average Loss: 2.8297
2025-10-03 22:39:04,796 - INFO - Epoch 85, Batch 0/46, Loss: 3.0332, Sampling Prob: 0.085
2025-10-03 22:39:11,568 - INFO - Epoch 85 completed. Average Loss: 2.9150
2025-10-03 22:39:11,718 - INFO - Epoch 86, Batch 0/46, Loss: 2.9339, Sampling Prob: 0.086
2025-10-03 22:39:18,421 - INFO - Epoch 86 completed. Average Loss: 2.8280
2025-10-03 22:39:18,562 - INFO - Epoch 87, Batch 0/46, Loss: 2.8807, Sampling Prob: 0.087
2025-10-03 22:39:25,792 - INFO - Epoch 87 completed. Average Loss: 2.9124
2025-10-03 22:39:25,943 - INFO - Epoch 88, Batch 0/46, Loss: 2.9084, Sampling Prob: 0.088
2025-10-03 22:39:33,500 - INFO - Epoch 88 completed. Average Loss: 2.8309
2025-10-03 22:39:33,638 - INFO - Epoch 89, Batch 0/46, Loss: 2.7698, Sampling Prob: 0.089
2025-10-03 22:39:39,522 - INFO - Epoch 89 completed. Average Loss: 2.8556
2025-10-03 22:39:39,658 - INFO - Epoch 90, Batch 0/46, Loss: 2.8105, Sampling Prob: 0.090
2025-10-03 22:39:45,838 - INFO - Epoch 90 completed. Average Loss: 2.8795
2025-10-03 22:39:45,839 - INFO - Evaluating at epoch 90...
2025-10-03 22:39:50,141 - INFO - Epoch 90 - BLEU@1: 0.2714 (target: >0.6) | Precision: 0.4364 | BP: 0.6219
2025-10-03 22:39:50,430 - INFO - Epoch 91, Batch 0/46, Loss: 2.6385, Sampling Prob: 0.091
2025-10-03 22:39:57,475 - INFO - Epoch 91 completed. Average Loss: 2.8636
2025-10-03 22:39:57,618 - INFO - Epoch 92, Batch 0/46, Loss: 2.7399, Sampling Prob: 0.092
2025-10-03 22:40:03,990 - INFO - Epoch 92 completed. Average Loss: 2.8485
2025-10-03 22:40:04,140 - INFO - Epoch 93, Batch 0/46, Loss: 2.8208, Sampling Prob: 0.093
2025-10-03 22:40:10,387 - INFO - Epoch 93 completed. Average Loss: 2.8652
2025-10-03 22:40:10,540 - INFO - Epoch 94, Batch 0/46, Loss: 3.2144, Sampling Prob: 0.094
2025-10-03 22:40:16,734 - INFO - Epoch 94 completed. Average Loss: 2.8520
2025-10-03 22:40:16,880 - INFO - Epoch 95, Batch 0/46, Loss: 3.0752, Sampling Prob: 0.095
2025-10-03 22:40:23,193 - INFO - Epoch 95 completed. Average Loss: 2.8511
2025-10-03 22:40:23,371 - INFO - Epoch 96, Batch 0/46, Loss: 2.9276, Sampling Prob: 0.096
2025-10-03 22:40:30,976 - INFO - Epoch 96 completed. Average Loss: 2.8263
2025-10-03 22:40:31,125 - INFO - Epoch 97, Batch 0/46, Loss: 2.9196, Sampling Prob: 0.097
2025-10-03 22:40:37,510 - INFO - Epoch 97 completed. Average Loss: 2.8533
2025-10-03 22:40:37,654 - INFO - Epoch 98, Batch 0/46, Loss: 2.7911, Sampling Prob: 0.098
2025-10-03 22:40:43,685 - INFO - Epoch 98 completed. Average Loss: 2.8318
2025-10-03 22:40:43,827 - INFO - Epoch 99, Batch 0/46, Loss: 2.9108, Sampling Prob: 0.099
2025-10-03 22:40:49,756 - INFO - Epoch 99 completed. Average Loss: 2.8293
2025-10-03 22:40:49,887 - INFO - Epoch 100, Batch 0/46, Loss: 3.2810, Sampling Prob: 0.100
2025-10-03 22:40:55,805 - INFO - Epoch 100 completed. Average Loss: 2.8127
2025-10-03 22:40:55,805 - INFO - Evaluating at epoch 100...
2025-10-03 22:41:00,204 - INFO - Epoch 100 - BLEU@1: 0.2746 (target: >0.6) | Precision: 0.4304 | BP: 0.6380
2025-10-03 22:41:00,341 - INFO - Learning rate changed: 0.000050 -> 0.000025
2025-10-03 22:41:00,513 - INFO - Epoch 101, Batch 0/46, Loss: 2.7344, Sampling Prob: 0.101
2025-10-03 22:41:07,606 - INFO - Epoch 101 completed. Average Loss: 2.8188
2025-10-03 22:41:07,758 - INFO - Epoch 102, Batch 0/46, Loss: 2.8302, Sampling Prob: 0.102
2025-10-03 22:41:14,340 - INFO - Epoch 102 completed. Average Loss: 2.8184
2025-10-03 22:41:14,489 - INFO - Epoch 103, Batch 0/46, Loss: 2.7274, Sampling Prob: 0.103
2025-10-03 22:41:20,897 - INFO - Epoch 103 completed. Average Loss: 2.8136
2025-10-03 22:41:21,042 - INFO - Epoch 104, Batch 0/46, Loss: 2.8191, Sampling Prob: 0.104
2025-10-03 22:41:28,812 - INFO - Epoch 104 completed. Average Loss: 2.7850
2025-10-03 22:41:28,979 - INFO - Epoch 105, Batch 0/46, Loss: 2.8520, Sampling Prob: 0.105
2025-10-03 22:41:36,000 - INFO - Epoch 105 completed. Average Loss: 2.8319
2025-10-03 22:41:36,134 - INFO - Epoch 106, Batch 0/46, Loss: 2.6595, Sampling Prob: 0.106
2025-10-03 22:41:42,224 - INFO - Epoch 106 completed. Average Loss: 2.8000
2025-10-03 22:41:42,370 - INFO - Epoch 107, Batch 0/46, Loss: 2.5773, Sampling Prob: 0.107
2025-10-03 22:41:48,683 - INFO - Epoch 107 completed. Average Loss: 2.7983
2025-10-03 22:41:48,829 - INFO - Epoch 108, Batch 0/46, Loss: 2.7616, Sampling Prob: 0.108
2025-10-03 22:41:55,338 - INFO - Epoch 108 completed. Average Loss: 2.7771
2025-10-03 22:41:55,485 - INFO - Epoch 109, Batch 0/46, Loss: 2.6532, Sampling Prob: 0.109
2025-10-03 22:42:01,792 - INFO - Epoch 109 completed. Average Loss: 2.7691
2025-10-03 22:42:01,948 - INFO - Epoch 110, Batch 0/46, Loss: 2.8882, Sampling Prob: 0.110
2025-10-03 22:42:08,268 - INFO - Epoch 110 completed. Average Loss: 2.7643
2025-10-03 22:42:08,268 - INFO - Evaluating at epoch 110...
2025-10-03 22:42:12,586 - INFO - Epoch 110 - BLEU@1: 0.2699 (target: >0.6) | Precision: 0.4414 | BP: 0.6115
2025-10-03 22:42:12,884 - INFO - Epoch 111, Batch 0/46, Loss: 3.0947, Sampling Prob: 0.111
2025-10-03 22:42:20,206 - INFO - Epoch 111 completed. Average Loss: 2.7899
2025-10-03 22:42:20,356 - INFO - Epoch 112, Batch 0/46, Loss: 2.8446, Sampling Prob: 0.112
2025-10-03 22:42:30,442 - INFO - Epoch 112 completed. Average Loss: 2.7893
2025-10-03 22:42:30,768 - INFO - Epoch 113, Batch 0/46, Loss: 2.5635, Sampling Prob: 0.113
2025-10-03 22:42:45,574 - INFO - Epoch 113 completed. Average Loss: 2.7699
2025-10-03 22:42:45,928 - INFO - Epoch 114, Batch 0/46, Loss: 2.9220, Sampling Prob: 0.114
2025-10-03 22:43:01,363 - INFO - Epoch 114 completed. Average Loss: 2.8006
2025-10-03 22:43:01,774 - INFO - Epoch 115, Batch 0/46, Loss: 2.7913, Sampling Prob: 0.115
2025-10-03 22:43:17,459 - INFO - Epoch 115 completed. Average Loss: 2.8182
2025-10-03 22:43:17,845 - INFO - Epoch 116, Batch 0/46, Loss: 2.6397, Sampling Prob: 0.116
2025-10-03 22:43:30,497 - INFO - Epoch 116 completed. Average Loss: 2.7470
2025-10-03 22:43:30,675 - INFO - Epoch 117, Batch 0/46, Loss: 2.7710, Sampling Prob: 0.117
2025-10-03 22:43:38,772 - INFO - Epoch 117 completed. Average Loss: 2.8085
2025-10-03 22:43:38,945 - INFO - Epoch 118, Batch 0/46, Loss: 3.0469, Sampling Prob: 0.118
2025-10-03 22:43:48,226 - INFO - Epoch 118 completed. Average Loss: 2.7489
2025-10-03 22:43:48,397 - INFO - Epoch 119, Batch 0/46, Loss: 2.8494, Sampling Prob: 0.119
2025-10-03 22:43:55,806 - INFO - Epoch 119 completed. Average Loss: 2.8305
2025-10-03 22:43:55,968 - INFO - Epoch 120, Batch 0/46, Loss: 2.5121, Sampling Prob: 0.120
2025-10-03 22:44:03,302 - INFO - Epoch 120 completed. Average Loss: 2.7627
2025-10-03 22:44:03,302 - INFO - Evaluating at epoch 120...
2025-10-03 22:44:07,760 - INFO - Epoch 120 - BLEU@1: 0.2760 (target: >0.6) | Precision: 0.4407 | BP: 0.6263
2025-10-03 22:44:08,060 - INFO - Epoch 121, Batch 0/46, Loss: 2.8013, Sampling Prob: 0.121
2025-10-03 22:44:16,475 - INFO - Epoch 121 completed. Average Loss: 2.7662
2025-10-03 22:44:16,652 - INFO - Epoch 122, Batch 0/46, Loss: 2.8973, Sampling Prob: 0.122
2025-10-03 22:44:24,604 - INFO - Epoch 122 completed. Average Loss: 2.7367
2025-10-03 22:44:24,793 - INFO - Epoch 123, Batch 0/46, Loss: 3.0772, Sampling Prob: 0.123
2025-10-03 22:44:33,299 - INFO - Epoch 123 completed. Average Loss: 2.7643
2025-10-03 22:44:33,453 - INFO - Epoch 124, Batch 0/46, Loss: 2.7422, Sampling Prob: 0.124
2025-10-03 22:44:41,045 - INFO - Epoch 124 completed. Average Loss: 2.7863
2025-10-03 22:44:41,224 - INFO - Epoch 125, Batch 0/46, Loss: 2.7933, Sampling Prob: 0.125
2025-10-03 22:44:48,798 - INFO - Epoch 125 completed. Average Loss: 2.7762
2025-10-03 22:44:48,984 - INFO - Epoch 126, Batch 0/46, Loss: 2.5952, Sampling Prob: 0.126
2025-10-03 22:44:56,304 - INFO - Epoch 126 completed. Average Loss: 2.7813
2025-10-03 22:44:56,453 - INFO - Epoch 127, Batch 0/46, Loss: 2.8330, Sampling Prob: 0.127
2025-10-03 22:45:03,766 - INFO - Epoch 127 completed. Average Loss: 2.7685
2025-10-03 22:45:03,913 - INFO - Epoch 128, Batch 0/46, Loss: 2.5208, Sampling Prob: 0.128
2025-10-03 22:45:11,650 - INFO - Epoch 128 completed. Average Loss: 2.7595
2025-10-03 22:45:11,880 - INFO - Epoch 129, Batch 0/46, Loss: 3.0088, Sampling Prob: 0.129
2025-10-03 22:45:26,827 - INFO - Epoch 129 completed. Average Loss: 2.7671
2025-10-03 22:45:27,230 - INFO - Epoch 130, Batch 0/46, Loss: 2.8286, Sampling Prob: 0.130
2025-10-03 22:45:42,833 - INFO - Epoch 130 completed. Average Loss: 2.7780
2025-10-03 22:45:42,835 - INFO - Evaluating at epoch 130...
2025-10-03 22:45:48,737 - INFO - Epoch 130 - BLEU@1: 0.2700 (target: >0.6) | Precision: 0.4311 | BP: 0.6263
2025-10-03 22:45:49,075 - INFO - Epoch 131, Batch 0/46, Loss: 2.7174, Sampling Prob: 0.131
2025-10-03 22:46:01,631 - INFO - Epoch 131 completed. Average Loss: 2.8047
2025-10-03 22:46:01,812 - INFO - Epoch 132, Batch 0/46, Loss: 2.5415, Sampling Prob: 0.132
2025-10-03 22:46:12,720 - INFO - Epoch 132 completed. Average Loss: 2.7597
2025-10-03 22:46:13,118 - INFO - Epoch 133, Batch 0/46, Loss: 2.9295, Sampling Prob: 0.133
2025-10-03 22:46:23,879 - INFO - Epoch 133 completed. Average Loss: 2.7845
2025-10-03 22:46:24,187 - INFO - Epoch 134, Batch 0/46, Loss: 2.8427, Sampling Prob: 0.134
2025-10-03 22:46:33,766 - INFO - Epoch 134 completed. Average Loss: 2.7649
2025-10-03 22:46:33,939 - INFO - Epoch 135, Batch 0/46, Loss: 2.7442, Sampling Prob: 0.135
2025-10-03 22:46:41,774 - INFO - Epoch 135 completed. Average Loss: 2.7590
2025-10-03 22:46:41,935 - INFO - Epoch 136, Batch 0/46, Loss: 2.7802, Sampling Prob: 0.136
2025-10-03 22:46:49,879 - INFO - Epoch 136 completed. Average Loss: 2.7456
2025-10-03 22:46:50,053 - INFO - Epoch 137, Batch 0/46, Loss: 2.5556, Sampling Prob: 0.137
2025-10-03 22:46:57,934 - INFO - Epoch 137 completed. Average Loss: 2.7343
2025-10-03 22:46:58,107 - INFO - Epoch 138, Batch 0/46, Loss: 2.7555, Sampling Prob: 0.138
2025-10-03 22:47:05,907 - INFO - Epoch 138 completed. Average Loss: 2.7187
2025-10-03 22:47:06,066 - INFO - Epoch 139, Batch 0/46, Loss: 2.8116, Sampling Prob: 0.139
2025-10-03 22:47:13,875 - INFO - Epoch 139 completed. Average Loss: 2.7659
2025-10-03 22:47:14,039 - INFO - Epoch 140, Batch 0/46, Loss: 3.0072, Sampling Prob: 0.140
2025-10-03 22:47:22,226 - INFO - Epoch 140 completed. Average Loss: 2.7702
2025-10-03 22:47:22,226 - INFO - Evaluating at epoch 140...
2025-10-03 22:47:27,029 - INFO - Epoch 140 - BLEU@1: 0.2670 (target: >0.6) | Precision: 0.4313 | BP: 0.6189
2025-10-03 22:47:27,353 - INFO - Epoch 141, Batch 0/46, Loss: 2.5162, Sampling Prob: 0.141
2025-10-03 22:47:36,784 - INFO - Epoch 141 completed. Average Loss: 2.7521
2025-10-03 22:47:36,960 - INFO - Epoch 142, Batch 0/46, Loss: 3.0218, Sampling Prob: 0.142
2025-10-03 22:47:46,246 - INFO - Epoch 142 completed. Average Loss: 2.7423
2025-10-03 22:47:46,413 - INFO - Epoch 143, Batch 0/46, Loss: 2.5336, Sampling Prob: 0.143
2025-10-03 22:47:54,733 - INFO - Epoch 143 completed. Average Loss: 2.7475
2025-10-03 22:47:54,915 - INFO - Epoch 144, Batch 0/46, Loss: 3.1474, Sampling Prob: 0.144
2025-10-03 22:48:03,827 - INFO - Epoch 144 completed. Average Loss: 2.7353
2025-10-03 22:48:03,997 - INFO - Epoch 145, Batch 0/46, Loss: 2.7392, Sampling Prob: 0.145
2025-10-03 22:48:13,087 - INFO - Epoch 145 completed. Average Loss: 2.7601
2025-10-03 22:48:13,269 - INFO - Epoch 146, Batch 0/46, Loss: 3.1233, Sampling Prob: 0.146
2025-10-03 22:48:25,112 - INFO - Epoch 146 completed. Average Loss: 2.7518
2025-10-03 22:48:25,375 - INFO - Epoch 147, Batch 0/46, Loss: 2.5954, Sampling Prob: 0.147
2025-10-03 22:48:38,304 - INFO - Epoch 147 completed. Average Loss: 2.7313
2025-10-03 22:48:38,503 - INFO - Epoch 148, Batch 0/46, Loss: 2.5988, Sampling Prob: 0.148
2025-10-03 22:48:46,132 - INFO - Epoch 148 completed. Average Loss: 2.7734
2025-10-03 22:48:46,298 - INFO - Epoch 149, Batch 0/46, Loss: 2.5747, Sampling Prob: 0.149
2025-10-03 22:48:55,074 - INFO - Epoch 149 completed. Average Loss: 2.7384
2025-10-03 22:48:55,458 - INFO - Epoch 150, Batch 0/46, Loss: 2.9388, Sampling Prob: 0.150
2025-10-03 22:49:11,172 - INFO - Epoch 150 completed. Average Loss: 2.7822
2025-10-03 22:49:11,173 - INFO - Evaluating at epoch 150...
2025-10-03 22:49:18,345 - INFO - Epoch 150 - BLEU@1: 0.2731 (target: >0.6) | Precision: 0.4601 | BP: 0.5936
2025-10-03 22:49:18,483 - INFO - Learning rate changed: 0.000025 -> 0.000013
2025-10-03 22:49:18,674 - INFO - Epoch 151, Batch 0/46, Loss: 2.7336, Sampling Prob: 0.150
2025-10-03 22:49:27,034 - INFO - Epoch 151 completed. Average Loss: 2.7129
2025-10-03 22:49:27,205 - INFO - Epoch 152, Batch 0/46, Loss: 2.6559, Sampling Prob: 0.150
2025-10-03 22:49:35,522 - INFO - Epoch 152 completed. Average Loss: 2.7408
2025-10-03 22:49:35,713 - INFO - Epoch 153, Batch 0/46, Loss: 2.5030, Sampling Prob: 0.150
2025-10-03 22:49:43,965 - INFO - Epoch 153 completed. Average Loss: 2.7395
2025-10-03 22:49:44,130 - INFO - Epoch 154, Batch 0/46, Loss: 2.6205, Sampling Prob: 0.150
2025-10-03 22:49:52,451 - INFO - Epoch 154 completed. Average Loss: 2.7505
2025-10-03 22:49:52,615 - INFO - Epoch 155, Batch 0/46, Loss: 2.5158, Sampling Prob: 0.150
2025-10-03 22:50:01,186 - INFO - Epoch 155 completed. Average Loss: 2.6891
2025-10-03 22:50:01,356 - INFO - Epoch 156, Batch 0/46, Loss: 2.8588, Sampling Prob: 0.150
2025-10-03 22:50:10,592 - INFO - Epoch 156 completed. Average Loss: 2.7541
2025-10-03 22:50:10,751 - INFO - Epoch 157, Batch 0/46, Loss: 2.4142, Sampling Prob: 0.150
2025-10-03 22:50:18,825 - INFO - Epoch 157 completed. Average Loss: 2.6889
2025-10-03 22:50:18,993 - INFO - Epoch 158, Batch 0/46, Loss: 2.5973, Sampling Prob: 0.150
2025-10-03 22:50:27,307 - INFO - Epoch 158 completed. Average Loss: 2.7470
2025-10-03 22:50:27,487 - INFO - Epoch 159, Batch 0/46, Loss: 2.8764, Sampling Prob: 0.150
2025-10-03 22:50:35,958 - INFO - Epoch 159 completed. Average Loss: 2.7516
2025-10-03 22:50:36,107 - INFO - Epoch 160, Batch 0/46, Loss: 2.4874, Sampling Prob: 0.150
2025-10-03 22:50:43,302 - INFO - Epoch 160 completed. Average Loss: 2.7193
2025-10-03 22:50:43,302 - INFO - Evaluating at epoch 160...
2025-10-03 22:50:48,135 - INFO - Epoch 160 - BLEU@1: 0.2740 (target: >0.6) | Precision: 0.4375 | BP: 0.6263
2025-10-03 22:50:48,447 - INFO - Epoch 161, Batch 0/46, Loss: 2.4893, Sampling Prob: 0.150
2025-10-03 22:50:56,128 - INFO - Epoch 161 completed. Average Loss: 2.7485
2025-10-03 22:50:56,292 - INFO - Epoch 162, Batch 0/46, Loss: 2.8853, Sampling Prob: 0.150
2025-10-03 22:51:03,476 - INFO - Epoch 162 completed. Average Loss: 2.7036
2025-10-03 22:51:03,632 - INFO - Epoch 163, Batch 0/46, Loss: 2.9197, Sampling Prob: 0.150
2025-10-03 22:51:10,904 - INFO - Epoch 163 completed. Average Loss: 2.7096
2025-10-03 22:51:11,073 - INFO - Epoch 164, Batch 0/46, Loss: 2.6681, Sampling Prob: 0.150
2025-10-03 22:51:18,312 - INFO - Epoch 164 completed. Average Loss: 2.6841
2025-10-03 22:51:18,475 - INFO - Epoch 165, Batch 0/46, Loss: 2.8445, Sampling Prob: 0.150
2025-10-03 22:51:26,419 - INFO - Epoch 165 completed. Average Loss: 2.7360
2025-10-03 22:51:26,591 - INFO - Epoch 166, Batch 0/46, Loss: 2.5491, Sampling Prob: 0.150
2025-10-03 22:51:34,833 - INFO - Epoch 166 completed. Average Loss: 2.6935
2025-10-03 22:51:34,995 - INFO - Epoch 167, Batch 0/46, Loss: 2.5844, Sampling Prob: 0.150
2025-10-03 22:51:43,175 - INFO - Epoch 167 completed. Average Loss: 2.6507
2025-10-03 22:51:43,345 - INFO - Epoch 168, Batch 0/46, Loss: 2.9025, Sampling Prob: 0.150
2025-10-03 22:51:51,180 - INFO - Epoch 168 completed. Average Loss: 2.6989
2025-10-03 22:51:51,337 - INFO - Epoch 169, Batch 0/46, Loss: 2.7780, Sampling Prob: 0.150
2025-10-03 22:51:59,242 - INFO - Epoch 169 completed. Average Loss: 2.7714
2025-10-03 22:51:59,404 - INFO - Epoch 170, Batch 0/46, Loss: 3.0836, Sampling Prob: 0.150
2025-10-03 22:52:07,175 - INFO - Epoch 170 completed. Average Loss: 2.7188
2025-10-03 22:52:07,175 - INFO - Evaluating at epoch 170...
2025-10-03 22:52:11,680 - INFO - Epoch 170 - BLEU@1: 0.2945 (target: >0.6) | Precision: 0.4424 | BP: 0.6656
2025-10-03 22:52:11,680 - INFO - *** New best BLEU@1: 0.2945 ***
2025-10-03 22:52:11,968 - INFO - New best model saved with BLEU-1: 0.2945
2025-10-03 22:52:12,167 - INFO - Epoch 171, Batch 0/46, Loss: 2.6564, Sampling Prob: 0.150
2025-10-03 22:52:20,331 - INFO - Epoch 171 completed. Average Loss: 2.6856
2025-10-03 22:52:20,489 - INFO - Epoch 172, Batch 0/46, Loss: 2.7157, Sampling Prob: 0.150
2025-10-03 22:52:28,784 - INFO - Epoch 172 completed. Average Loss: 2.7021
2025-10-03 22:52:28,956 - INFO - Epoch 173, Batch 0/46, Loss: 2.6540, Sampling Prob: 0.150
2025-10-03 22:52:36,566 - INFO - Epoch 173 completed. Average Loss: 2.7088
2025-10-03 22:52:36,724 - INFO - Epoch 174, Batch 0/46, Loss: 2.6179, Sampling Prob: 0.150
2025-10-03 22:52:43,945 - INFO - Epoch 174 completed. Average Loss: 2.6866
2025-10-03 22:52:44,100 - INFO - Epoch 175, Batch 0/46, Loss: 2.6703, Sampling Prob: 0.150
2025-10-03 22:52:51,245 - INFO - Epoch 175 completed. Average Loss: 2.7140
2025-10-03 22:52:51,407 - INFO - Epoch 176, Batch 0/46, Loss: 2.8145, Sampling Prob: 0.150
2025-10-03 22:52:58,546 - INFO - Epoch 176 completed. Average Loss: 2.7137
2025-10-03 22:52:58,713 - INFO - Epoch 177, Batch 0/46, Loss: 2.6558, Sampling Prob: 0.150
2025-10-03 22:53:05,911 - INFO - Epoch 177 completed. Average Loss: 2.6855
2025-10-03 22:53:06,058 - INFO - Epoch 178, Batch 0/46, Loss: 2.7376, Sampling Prob: 0.150
2025-10-03 22:53:13,082 - INFO - Epoch 178 completed. Average Loss: 2.7158
2025-10-03 22:53:13,235 - INFO - Epoch 179, Batch 0/46, Loss: 2.3880, Sampling Prob: 0.150
2025-10-03 22:53:20,349 - INFO - Epoch 179 completed. Average Loss: 2.7042
2025-10-03 22:53:20,509 - INFO - Epoch 180, Batch 0/46, Loss: 2.4438, Sampling Prob: 0.150
2025-10-03 22:53:28,398 - INFO - Epoch 180 completed. Average Loss: 2.6694
2025-10-03 22:53:28,399 - INFO - Evaluating at epoch 180...
2025-10-03 22:53:32,933 - INFO - Epoch 180 - BLEU@1: 0.2766 (target: >0.6) | Precision: 0.4386 | BP: 0.6307
2025-10-03 22:53:33,288 - INFO - Epoch 181, Batch 0/46, Loss: 2.6952, Sampling Prob: 0.150
2025-10-03 22:53:41,170 - INFO - Epoch 181 completed. Average Loss: 2.7118
2025-10-03 22:53:41,348 - INFO - Epoch 182, Batch 0/46, Loss: 2.6298, Sampling Prob: 0.150
2025-10-03 22:53:48,615 - INFO - Epoch 182 completed. Average Loss: 2.7010
2025-10-03 22:53:48,764 - INFO - Epoch 183, Batch 0/46, Loss: 2.8620, Sampling Prob: 0.150
2025-10-03 22:53:55,924 - INFO - Epoch 183 completed. Average Loss: 2.7404
2025-10-03 22:53:56,080 - INFO - Epoch 184, Batch 0/46, Loss: 2.7876, Sampling Prob: 0.150
2025-10-03 22:54:03,263 - INFO - Epoch 184 completed. Average Loss: 2.7038
2025-10-03 22:54:03,427 - INFO - Epoch 185, Batch 0/46, Loss: 2.7529, Sampling Prob: 0.150
2025-10-03 22:54:10,346 - INFO - Epoch 185 completed. Average Loss: 2.6933
2025-10-03 22:54:10,505 - INFO - Epoch 186, Batch 0/46, Loss: 2.8205, Sampling Prob: 0.150
2025-10-03 22:54:17,464 - INFO - Epoch 186 completed. Average Loss: 2.6856
2025-10-03 22:54:17,617 - INFO - Epoch 187, Batch 0/46, Loss: 2.4739, Sampling Prob: 0.150
2025-10-03 22:54:24,979 - INFO - Epoch 187 completed. Average Loss: 2.6703
2025-10-03 22:54:25,144 - INFO - Epoch 188, Batch 0/46, Loss: 2.8344, Sampling Prob: 0.150
2025-10-03 22:54:33,269 - INFO - Epoch 188 completed. Average Loss: 2.7144
2025-10-03 22:54:33,436 - INFO - Epoch 189, Batch 0/46, Loss: 2.4284, Sampling Prob: 0.150
2025-10-03 22:54:40,373 - INFO - Epoch 189 completed. Average Loss: 2.6772
2025-10-03 22:54:40,528 - INFO - Epoch 190, Batch 0/46, Loss: 2.8731, Sampling Prob: 0.150
2025-10-03 22:54:47,359 - INFO - Epoch 190 completed. Average Loss: 2.6820
2025-10-03 22:54:47,360 - INFO - Evaluating at epoch 190...
2025-10-03 22:54:51,847 - INFO - Epoch 190 - BLEU@1: 0.2842 (target: >0.6) | Precision: 0.4326 | BP: 0.6569
2025-10-03 22:54:52,163 - INFO - Epoch 191, Batch 0/46, Loss: 2.8857, Sampling Prob: 0.150
2025-10-03 22:54:59,562 - INFO - Epoch 191 completed. Average Loss: 2.7039
2025-10-03 22:54:59,705 - INFO - Epoch 192, Batch 0/46, Loss: 2.8266, Sampling Prob: 0.150
2025-10-03 22:55:06,698 - INFO - Epoch 192 completed. Average Loss: 2.7028
2025-10-03 22:55:06,849 - INFO - Epoch 193, Batch 0/46, Loss: 2.6776, Sampling Prob: 0.150
2025-10-03 22:55:14,148 - INFO - Epoch 193 completed. Average Loss: 2.7059
2025-10-03 22:55:14,301 - INFO - Epoch 194, Batch 0/46, Loss: 2.7221, Sampling Prob: 0.150
2025-10-03 22:55:21,065 - INFO - Epoch 194 completed. Average Loss: 2.6746
2025-10-03 22:55:21,213 - INFO - Epoch 195, Batch 0/46, Loss: 2.7473, Sampling Prob: 0.150
2025-10-03 22:55:29,023 - INFO - Epoch 195 completed. Average Loss: 2.6877
2025-10-03 22:55:29,190 - INFO - Epoch 196, Batch 0/46, Loss: 2.8450, Sampling Prob: 0.150
2025-10-03 22:55:36,807 - INFO - Epoch 196 completed. Average Loss: 2.7379
2025-10-03 22:55:36,946 - INFO - Epoch 197, Batch 0/46, Loss: 2.5105, Sampling Prob: 0.150
2025-10-03 22:55:43,547 - INFO - Epoch 197 completed. Average Loss: 2.6445
2025-10-03 22:55:43,695 - INFO - Epoch 198, Batch 0/46, Loss: 2.7097, Sampling Prob: 0.150
2025-10-03 22:55:50,263 - INFO - Epoch 198 completed. Average Loss: 2.6674
2025-10-03 22:55:50,406 - INFO - Epoch 199, Batch 0/46, Loss: 2.6969, Sampling Prob: 0.150
2025-10-03 22:55:56,993 - INFO - Epoch 199 completed. Average Loss: 2.6840
2025-10-03 22:55:57,137 - INFO - Epoch 200, Batch 0/46, Loss: 2.5028, Sampling Prob: 0.150
2025-10-03 22:56:03,651 - INFO - Epoch 200 completed. Average Loss: 2.7112
2025-10-03 22:56:03,651 - INFO - Evaluating at epoch 200...
2025-10-03 22:56:07,960 - INFO - Epoch 200 - BLEU@1: 0.2863 (target: >0.6) | Precision: 0.4406 | BP: 0.6497
2025-10-03 22:56:08,097 - INFO - Learning rate changed: 0.000013 -> 0.000006
2025-10-03 22:56:08,097 - INFO - Final evaluation on test set...
2025-10-03 22:56:12,584 - INFO - === FINAL RESULTS ===
2025-10-03 22:56:12,585 - INFO - BLEU-1: 0.2863
2025-10-03 22:56:12,585 - INFO - precision: 0.4406
2025-10-03 22:56:12,585 - INFO - brevity_penalty: 0.6497
2025-10-03 22:56:12,585 - INFO - total_correct: 282.0000
2025-10-03 22:56:12,585 - INFO - total_candidate_length: 640.0000
2025-10-03 22:56:12,586 - INFO - total_reference_length: 916.0000
2025-10-03 22:56:12,586 - INFO - Total training time: 29.5 minutes
2025-10-03 22:56:12,867 - INFO - New best model saved with BLEU-1: 0.2863
